<?xml version="1.0" encoding="UTF-8"?>
<!-- Generated by org.testng.reporters.JUnitReportReporter -->
<testsuite hostname="Tahiduls-MBP" failures="0" tests="1" name="luma.ny.runner.myRunner" time="6.883" errors="1" timestamp="23 Nov 2023 14:58:36 GMT" skipped="0">
  <testcase classname="luma.ny.runner.myRunner" name="runScenario" time="6.883">
    <error message="Session ID is null. Using WebDriver after calling quit()?
Build info: version: &#039;3.141.59&#039;, revision: &#039;e82be7d358&#039;, time: &#039;2018-11-14T08:17:03&#039;
System info: host: &#039;Tahiduls-MBP&#039;, ip: &#039;fe80:0:0:0:c06:d8ab:22f2:2120%en0&#039;, os.name: &#039;Mac OS X&#039;, os.arch: &#039;aarch64&#039;, os.version: &#039;14.0&#039;, java.version: &#039;11.0.19&#039;
Driver info: driver.version: RemoteWebDriver" type="org.openqa.selenium.NoSuchSessionException">
      <![CDATA[org.openqa.selenium.NoSuchSessionException: Session ID is null. Using WebDriver after calling quit()?
Build info: version: '3.141.59', revision: 'e82be7d358', time: '2018-11-14T08:17:03'
System info: host: 'Tahiduls-MBP', ip: 'fe80:0:0:0:c06:d8ab:22f2:2120%en0', os.name: 'Mac OS X', os.arch: 'aarch64', os.version: '14.0', java.version: '11.0.19'
Driver info: driver.version: RemoteWebDriver
at org.openqa.selenium.remote.HttpCommandExecutor.execute(HttpCommandExecutor.java:125)
at org.openqa.selenium.remote.service.DriverCommandExecutor.execute(DriverCommandExecutor.java:83)
at org.openqa.selenium.remote.RemoteWebDriver.execute(RemoteWebDriver.java:552)
at org.openqa.selenium.remote.RemoteWebDriver.findElement(RemoteWebDriver.java:323)
at org.openqa.selenium.remote.RemoteWebDriver.findElementByXPath(RemoteWebDriver.java:428)
at org.openqa.selenium.By$ByXPath.findElement(By.java:353)
at org.openqa.selenium.remote.RemoteWebDriver.findElement(RemoteWebDriver.java:315)
at golbaltek.ny.stepdefintions.LoginStefDef.user_is_able_to_verify_the_user_info_on_the_screen(LoginStefDef.java:56)
at ✽.User is able to verify the user info on the screen(file:///Users/Zahid/eclipse-workspace/Automation.Luma/./Features/LoginTest.feature:11)
]]>
    </error>
  </testcase> <!-- runScenario -->
</testsuite> <!-- luma.ny.runner.myRunner -->
